<?xml version="1.0" encoding="UTF-8"?>
<!-- Generated by org.testng.reporters.JUnitXMLReporter -->
<testsuite ignored="0" hostname="DESKTOP-8OTT66F" failures="0" tests="8" name="Test" time="0.163" errors="0" timestamp="2022-09-06T19:39:34 ICT">
  <testcase classname="ujian.ujiankedua.produkoop.BelanjaTest" name="cekStokProdTest" time="0.008"/>
  <testcase classname="ujian.ujiankedua.produkoop.BelanjaTest" name="tambahStokProdTest" time="0.002"/>
  <testcase classname="ujian.ujiankedua.produkoop.BelanjaTest" name="kurangStokProdTest" time="0.001"/>
  <testcase classname="ujian.ujiankedua.produkoop.BelanjaTest" name="kalkulasiDiskonTest" time="0.003"/>
  <testcase classname="ujian.ujiankedua.produkoop.BelanjaTest" name="kalkulasiDiskonTestDua" time="0.003"/>
  <testcase classname="ujian.ujiankedua.geometri.GeometriTest" name="luasPersegiTest" time="0.004"/>
  <testcase classname="ujian.ujiankedua.geometri.GeometriTest" name="luasSegitigaTest" time="0.004"/>
  <testcase classname="ujian.ujiankedua.geometri.GeometriTest" name="luasTrapesiumTest" time="0.003"/>
</testsuite> <!-- Test -->
