<?xml version="1.0" encoding="UTF-8"?>
<!-- Generated by org.testng.reporters.JUnitXMLReporter -->
<testsuite ignored="0" hostname="DESKTOP-8OTT66F" failures="0" tests="8" name="Test" time="0.102" errors="0" timestamp="2022-09-06T13:10:26 ICT">
  <testcase classname="ujian.ujiankedua.produkoop.BelanjaTest" name="cekStokProdTest" time="0.007"/>
  <testcase classname="ujian.ujiankedua.produkoop.BelanjaTest" name="tambahStokProdTest" time="0.001"/>
  <testcase classname="ujian.ujiankedua.produkoop.BelanjaTest" name="kurangStokProdTest" time="0.001"/>
  <testcase classname="ujian.ujiankedua.produkoop.BelanjaTest" name="kalkulasiDiskonTest" time="0.003"/>
  <testcase classname="ujian.ujiankedua.produkoop.BelanjaTest" name="kalkulasiDiskonTestDua" time="0.002"/>
  <testcase classname="ujian.ujiankedua.geometri.GeometriTest" name="luasPersegiTest" time="0.002"/>
  <testcase classname="ujian.ujiankedua.geometri.GeometriTest" name="luasSegitigaTest" time="0.002"/>
  <testcase classname="ujian.ujiankedua.geometri.GeometriTest" name="luasTrapesiumTest" time="0.001"/>
</testsuite> <!-- Test -->
