<?xml version="1.0" encoding="UTF-8"?>
<!-- Generated by org.testng.reporters.JUnitXMLReporter -->
<testsuite ignored="0" hostname="DESKTOP-8OTT66F" failures="0" tests="3" name="Default test" time="0.05" errors="0" timestamp="2022-09-05T20:13:14 ICT">
  <testcase classname="ujian.ujiankedua.geometri.GeometriTest" name="luasPersegiTest" time="0.009"/>
  <testcase classname="ujian.ujiankedua.geometri.GeometriTest" name="luasSegitigaTest" time="0.001"/>
  <testcase classname="ujian.ujiankedua.geometri.GeometriTest" name="luasTrapesiumTest" time="0.001"/>
</testsuite> <!-- Default test -->
