<?xml version="1.0" encoding="UTF-8"?>
<!-- Generated by org.testng.reporters.JUnitXMLReporter -->
<testsuite ignored="1" hostname="DESKTOP-8OTT66F" failures="0" tests="2" name="Default test" time="1.656" errors="0" timestamp="2022-09-12T12:51:55 ICT">
  <testcase classname="latihan.latihanrstassured.DataDrivenTut" name="dataProvTest" time="1.19"/>
  <testcase classname="latihan.latihanrstassured.DataDrivenTut" name="dataProvTest" time="0.056"/>
  <testcase classname="latihan.latihanrstassured.DataDrivenTut" name="sysoutt" time="0.0">
    <ignored/>
  </testcase> <!-- sysoutt -->
</testsuite> <!-- Default test -->
