<?xml version="1.0" encoding="UTF-8"?>
<testng-results ignored="0" total="3" passed="3" failed="0" skipped="0">
  <reporter-output>
  </reporter-output>
  <suite started-at="2022-09-05T20:13:13 ICT" name="Default suite" finished-at="2022-09-05T20:13:14 ICT" duration-ms="50">
    <groups>
    </groups>
    <test started-at="2022-09-05T20:13:13 ICT" name="Default test" finished-at="2022-09-05T20:13:14 ICT" duration-ms="50">
      <class name="ujian.ujiankedua.geometri.GeometriTest">
        <test-method is-config="true" signature="befTest()[pri:0, instance:ujian.ujiankedua.geometri.GeometriTest@156b88f5]" started-at="2022-09-05T20:13:13 ICT" name="befTest" finished-at="2022-09-05T20:13:14 ICT" duration-ms="9" status="PASS">
          <reporter-output>
          </reporter-output>
        </test-method> <!-- befTest -->
        <test-method signature="luasPersegiTest()[pri:0, instance:ujian.ujiankedua.geometri.GeometriTest@156b88f5]" started-at="2022-09-05T20:13:14 ICT" name="luasPersegiTest" finished-at="2022-09-05T20:13:14 ICT" duration-ms="9" status="PASS">
          <reporter-output>
          </reporter-output>
        </test-method> <!-- luasPersegiTest -->
        <test-method signature="luasSegitigaTest()[pri:0, instance:ujian.ujiankedua.geometri.GeometriTest@156b88f5]" started-at="2022-09-05T20:13:14 ICT" name="luasSegitigaTest" finished-at="2022-09-05T20:13:14 ICT" duration-ms="1" status="PASS">
          <reporter-output>
          </reporter-output>
        </test-method> <!-- luasSegitigaTest -->
        <test-method signature="luasTrapesiumTest()[pri:0, instance:ujian.ujiankedua.geometri.GeometriTest@156b88f5]" started-at="2022-09-05T20:13:14 ICT" name="luasTrapesiumTest" finished-at="2022-09-05T20:13:14 ICT" duration-ms="1" status="PASS">
          <reporter-output>
          </reporter-output>
        </test-method> <!-- luasTrapesiumTest -->
      </class> <!-- ujian.ujiankedua.geometri.GeometriTest -->
    </test> <!-- Default test -->
  </suite> <!-- Default suite -->
</testng-results>
