<?xml version="1.0" encoding="UTF-8"?>
<testng-results ignored="0" total="1" passed="1" failed="0" skipped="0">
  <reporter-output>
  </reporter-output>
  <suite started-at="2022-09-16T23:40:55 ICT" name="Default suite" finished-at="2022-09-16T23:41:01 ICT" duration-ms="5808">
    <groups>
    </groups>
    <test started-at="2022-09-16T23:40:55 ICT" name="Default test" finished-at="2022-09-16T23:41:01 ICT" duration-ms="5808">
      <class name="tugas.selenium.demoqa.AmazonAwsFormTest">
        <test-method is-config="true" signature="pageObject()[pri:0, instance:tugas.selenium.demoqa.AmazonAwsFormTest@7d0b7e3c]" started-at="2022-09-16T23:40:55 ICT" name="pageObject" finished-at="2022-09-16T23:41:00 ICT" duration-ms="4508" status="PASS">
          <reporter-output>
          </reporter-output>
        </test-method> <!-- pageObject -->
        <test-method signature="amazonFormFilling()[pri:0, instance:tugas.selenium.demoqa.AmazonAwsFormTest@7d0b7e3c]" started-at="2022-09-16T23:41:00 ICT" name="amazonFormFilling" finished-at="2022-09-16T23:41:01 ICT" duration-ms="1254" status="PASS">
          <reporter-output>
          </reporter-output>
        </test-method> <!-- amazonFormFilling -->
      </class> <!-- tugas.selenium.demoqa.AmazonAwsFormTest -->
    </test> <!-- Default test -->
  </suite> <!-- Default suite -->
</testng-results>
