<?xml version="1.0" encoding="UTF-8"?>
<testng-results ignored="0" total="1" passed="1" failed="0" skipped="0">
  <reporter-output>
  </reporter-output>
  <suite started-at="2022-09-13T11:51:47 ICT" name="Default suite" finished-at="2022-09-13T11:51:59 ICT" duration-ms="12030">
    <groups>
    </groups>
    <test started-at="2022-09-13T11:51:47 ICT" name="Default test" finished-at="2022-09-13T11:51:59 ICT" duration-ms="12030">
      <class name="latihan.seleniumlat.cekFormy">
        <test-method signature="testFormy()[pri:0, instance:latihan.seleniumlat.cekFormy@4a883b15]" started-at="2022-09-13T11:51:47 ICT" name="testFormy" finished-at="2022-09-13T11:51:59 ICT" duration-ms="11987" status="PASS">
          <reporter-output>
          </reporter-output>
        </test-method> <!-- testFormy -->
      </class> <!-- latihan.seleniumlat.cekFormy -->
    </test> <!-- Default test -->
  </suite> <!-- Default suite -->
</testng-results>
